<?xml version="1.0" encoding="UTF-8"?>
<!-- Generated by org.testng.reporters.JUnitXMLReporter -->
<testsuite ignored="0" hostname="Admin" failures="0" tests="3" name="Default test" time="65.159" errors="0" timestamp="2023-09-02T13:57:52 IST">
  <testcase classname="com.facebook.tests.TestNgDataProviderAnnotation" name="enterData" time="21.603"/>
  <testcase classname="com.facebook.tests.TestNgDataProviderAnnotation" name="enterData" time="20.627"/>
  <testcase classname="com.facebook.tests.TestNgDataProviderAnnotation" name="enterData" time="19.766"/>
</testsuite> <!-- Default test -->
