<?xml version="1.0" encoding="UTF-8"?>
<!-- Generated by org.testng.reporters.JUnitXMLReporter -->
<testsuite ignored="0" hostname="Admin" failures="0" tests="3" name="Default test" time="65.729" errors="0" timestamp="2023-09-02T14:04:05 IST">
  <testcase classname="com.facebook.tests.TestNgDataProviderAnnotation" name="enterData" time="23.093"/>
  <testcase classname="com.facebook.tests.TestNgDataProviderAnnotation" name="enterData" time="20.107"/>
  <testcase classname="com.facebook.tests.TestNgDataProviderAnnotation" name="enterData" time="19.12"/>
</testsuite> <!-- Default test -->
