<?xml version="1.0" encoding="UTF-8"?>
<!-- Generated by org.testng.reporters.JUnitXMLReporter -->
<testsuite ignored="0" hostname="Admin" failures="1" tests="1" name="Test" time="0.094" errors="0" timestamp="2023-07-05T19:30:46 IST">
  <testcase classname="com.facebook.tests.LoginTest" name="ValidateLogin" time="0.017">
    <failure type="java.lang.NullPointerException" message="Cannot invoke &amp;quot;java.util.Properties.getProperty(String)&amp;quot; because &amp;quot;this.or&amp;quot; is null">
      <![CDATA[java.lang.NullPointerException: Cannot invoke "java.util.Properties.getProperty(String)" because "this.or" is null
at com.facebook.genericPage.MasterPage.click(MasterPage.java:55)
at com.facebook.pages.LoginPage.clickEmailOrPhone(LoginPage.java:12)
at com.facebook.tests.LoginTest.ValidateLogin(LoginTest.java:21)
at java.base/java.util.ArrayList.forEach(ArrayList.java:1511)
... Removed 27 stack frames]]>
    </failure>
  </testcase> <!-- ValidateLogin -->
</testsuite> <!-- Test -->
