<?xml version="1.0" encoding="UTF-8"?>
<testng-results ignored="0" total="3" passed="3" failed="0" skipped="0">
  <reporter-output>
  </reporter-output>
  <suite started-at="2023-09-02T14:02:59 IST" name="Default suite" finished-at="2023-09-02T14:04:05 IST" duration-ms="65729">
    <groups>
    </groups>
    <test started-at="2023-09-02T14:02:59 IST" name="Default test" finished-at="2023-09-02T14:04:05 IST" duration-ms="65729">
      <class name="com.facebook.tests.TestNgDataProviderAnnotation">
        <test-method is-config="true" signature="setEnv()[pri:0, instance:com.facebook.tests.TestNgDataProviderAnnotation@121314f7]" started-at="2023-09-02T14:02:59 IST" name="setEnv" finished-at="2023-09-02T14:03:03 IST" duration-ms="3331" status="PASS">
          <reporter-output>
          </reporter-output>
        </test-method> <!-- setEnv -->
        <test-method signature="enterData(java.lang.String,java.lang.String)[pri:0, instance:com.facebook.tests.TestNgDataProviderAnnotation@121314f7]" started-at="2023-09-02T14:03:03 IST" name="enterData" data-provider="dataSet" finished-at="2023-09-02T14:03:26 IST" duration-ms="23093" status="PASS">
          <params>
            <param index="0">
              <value>
                <![CDATA[Email_1]]>
              </value>
            </param>
            <param index="1">
              <value>
                <![CDATA[Password_1]]>
              </value>
            </param>
          </params>
          <reporter-output>
          </reporter-output>
        </test-method> <!-- enterData -->
        <test-method signature="enterData(java.lang.String,java.lang.String)[pri:0, instance:com.facebook.tests.TestNgDataProviderAnnotation@121314f7]" started-at="2023-09-02T14:03:26 IST" name="enterData" data-provider="dataSet" finished-at="2023-09-02T14:03:46 IST" duration-ms="20107" status="PASS">
          <params>
            <param index="0">
              <value>
                <![CDATA[Email_2]]>
              </value>
            </param>
            <param index="1">
              <value>
                <![CDATA[Password_2]]>
              </value>
            </param>
          </params>
          <reporter-output>
          </reporter-output>
        </test-method> <!-- enterData -->
        <test-method signature="enterData(java.lang.String,java.lang.String)[pri:0, instance:com.facebook.tests.TestNgDataProviderAnnotation@121314f7]" started-at="2023-09-02T14:03:46 IST" name="enterData" data-provider="dataSet" finished-at="2023-09-02T14:04:05 IST" duration-ms="19120" status="PASS">
          <params>
            <param index="0">
              <value>
                <![CDATA[Email_3]]>
              </value>
            </param>
            <param index="1">
              <value>
                <![CDATA[Password_3]]>
              </value>
            </param>
          </params>
          <reporter-output>
          </reporter-output>
        </test-method> <!-- enterData -->
      </class> <!-- com.facebook.tests.TestNgDataProviderAnnotation -->
    </test> <!-- Default test -->
  </suite> <!-- Default suite -->
</testng-results>
